{"/Users/aliona/Desktop/workspace/Fun/CatBytes/webplatform-backend/app.js": {"path":"/Users/aliona/Desktop/workspace/Fun/CatBytes/webplatform-backend/app.js","statementMap":{"0":{"start":{"line":1,"column":15},"end":{"line":1,"column":32}},"1":{"start":{"line":2,"column":16},"end":{"line":2,"column":34}},"2":{"start":{"line":3,"column":21},"end":{"line":3,"column":45}},"3":{"start":{"line":4,"column":13},"end":{"line":4,"column":28}},"4":{"start":{"line":5,"column":25},"end":{"line":5,"column":63}},"5":{"start":{"line":6,"column":17},"end":{"line":6,"column":37}},"6":{"start":{"line":7,"column":23},"end":{"line":7,"column":42}},"7":{"start":{"line":9,"column":0},"end":{"line":9,"column":49}},"8":{"start":{"line":11,"column":12},"end":{"line":11,"column":21}},"9":{"start":{"line":14,"column":0},"end":{"line":16,"column":1}},"10":{"start":{"line":15,"column":2},"end":{"line":15,"column":44}},"11":{"start":{"line":18,"column":0},"end":{"line":18,"column":24}},"12":{"start":{"line":19,"column":0},"end":{"line":19,"column":24}},"13":{"start":{"line":20,"column":0},"end":{"line":31,"column":4}},"14":{"start":{"line":22,"column":4},"end":{"line":26,"column":5}},"15":{"start":{"line":23,"column":6},"end":{"line":23,"column":29}},"16":{"start":{"line":25,"column":6},"end":{"line":25,"column":49}},"17":{"start":{"line":32,"column":0},"end":{"line":32,"column":25}},"18":{"start":{"line":33,"column":0},"end":{"line":33,"column":24}},"19":{"start":{"line":35,"column":0},"end":{"line":35,"column":21}}},"fnMap":{"0":{"name":"(anonymous_0)","decl":{"start":{"line":21,"column":10},"end":{"line":21,"column":11}},"loc":{"start":{"line":21,"column":32},"end":{"line":27,"column":3}},"line":21}},"branchMap":{"0":{"loc":{"start":{"line":14,"column":0},"end":{"line":16,"column":1}},"type":"if","locations":[{"start":{"line":14,"column":0},"end":{"line":16,"column":1}},{"start":{},"end":{}}],"line":14},"1":{"loc":{"start":{"line":22,"column":4},"end":{"line":26,"column":5}},"type":"if","locations":[{"start":{"line":22,"column":4},"end":{"line":26,"column":5}},{"start":{"line":24,"column":11},"end":{"line":26,"column":5}}],"line":22},"2":{"loc":{"start":{"line":22,"column":8},"end":{"line":22,"column":62}},"type":"binary-expr","locations":[{"start":{"line":22,"column":8},"end":{"line":22,"column":15}},{"start":{"line":22,"column":19},"end":{"line":22,"column":62}}],"line":22}},"s":{"0":1,"1":1,"2":1,"3":1,"4":1,"5":1,"6":1,"7":1,"8":1,"9":1,"10":0,"11":1,"12":1,"13":1,"14":1,"15":1,"16":0,"17":1,"18":1,"19":1},"f":{"0":1},"b":{"0":[0,1],"1":[1,0],"2":[1,0]},"_coverageSchema":"1a1c01bbd47fc00a2c39e90264f33305004495a9","hash":"ff5d057cc22887d21ae671290ced3c3a58bc4e60"}
,"/Users/aliona/Desktop/workspace/Fun/CatBytes/webplatform-backend/db.js": {"path":"/Users/aliona/Desktop/workspace/Fun/CatBytes/webplatform-backend/db.js","statementMap":{"0":{"start":{"line":1,"column":13},"end":{"line":1,"column":28}},"1":{"start":{"line":2,"column":24},"end":{"line":2,"column":51}},"2":{"start":{"line":3,"column":15},"end":{"line":3,"column":32}},"3":{"start":{"line":5,"column":0},"end":{"line":5,"column":49}},"4":{"start":{"line":8,"column":19},"end":{"line":8,"column":23}},"5":{"start":{"line":11,"column":18},"end":{"line":11,"column":53}},"6":{"start":{"line":12,"column":2},"end":{"line":12,"column":90}},"7":{"start":{"line":13,"column":2},"end":{"line":33,"column":3}},"8":{"start":{"line":14,"column":4},"end":{"line":14,"column":43}},"9":{"start":{"line":15,"column":4},"end":{"line":15,"column":54}},"10":{"start":{"line":16,"column":4},"end":{"line":16,"column":39}},"11":{"start":{"line":17,"column":4},"end":{"line":17,"column":43}},"12":{"start":{"line":18,"column":4},"end":{"line":18,"column":47}},"13":{"start":{"line":22,"column":22},"end":{"line":22,"column":32}},"14":{"start":{"line":23,"column":24},"end":{"line":26,"column":11}},"15":{"start":{"line":28,"column":4},"end":{"line":28,"column":50}},"16":{"start":{"line":29,"column":4},"end":{"line":29,"column":41}},"17":{"start":{"line":30,"column":4},"end":{"line":30,"column":37}},"18":{"start":{"line":31,"column":4},"end":{"line":31,"column":50}},"19":{"start":{"line":32,"column":4},"end":{"line":32,"column":42}},"20":{"start":{"line":35,"column":2},"end":{"line":42,"column":4}},"21":{"start":{"line":46,"column":19},"end":{"line":46,"column":40}},"22":{"start":{"line":48,"column":2},"end":{"line":59,"column":5}},"23":{"start":{"line":62,"column":0},"end":{"line":62,"column":72}},"24":{"start":{"line":62,"column":57},"end":{"line":62,"column":69}}},"fnMap":{"0":{"name":"getDbSettings","decl":{"start":{"line":10,"column":15},"end":{"line":10,"column":28}},"loc":{"start":{"line":10,"column":31},"end":{"line":43,"column":1}},"line":10},"1":{"name":"initDb","decl":{"start":{"line":45,"column":15},"end":{"line":45,"column":21}},"loc":{"start":{"line":45,"column":24},"end":{"line":60,"column":1}},"line":45},"2":{"name":"(anonymous_2)","decl":{"start":{"line":62,"column":51},"end":{"line":62,"column":52}},"loc":{"start":{"line":62,"column":57},"end":{"line":62,"column":69}},"line":62}},"branchMap":{"0":{"loc":{"start":{"line":12,"column":31},"end":{"line":12,"column":88}},"type":"cond-expr","locations":[{"start":{"line":12,"column":41},"end":{"line":12,"column":48}},{"start":{"line":12,"column":51},"end":{"line":12,"column":88}}],"line":12},"1":{"loc":{"start":{"line":12,"column":51},"end":{"line":12,"column":88}},"type":"binary-expr","locations":[{"start":{"line":12,"column":51},"end":{"line":12,"column":71}},{"start":{"line":12,"column":75},"end":{"line":12,"column":88}}],"line":12},"2":{"loc":{"start":{"line":13,"column":2},"end":{"line":33,"column":3}},"type":"if","locations":[{"start":{"line":13,"column":2},"end":{"line":33,"column":3}},{"start":{"line":20,"column":7},"end":{"line":33,"column":3}}],"line":13},"3":{"loc":{"start":{"line":15,"column":19},"end":{"line":15,"column":53}},"type":"binary-expr","locations":[{"start":{"line":15,"column":19},"end":{"line":15,"column":38}},{"start":{"line":15,"column":42},"end":{"line":15,"column":53}}],"line":15},"4":{"loc":{"start":{"line":18,"column":19},"end":{"line":18,"column":46}},"type":"binary-expr","locations":[{"start":{"line":18,"column":19},"end":{"line":18,"column":38}},{"start":{"line":18,"column":42},"end":{"line":18,"column":46}}],"line":18},"5":{"loc":{"start":{"line":41,"column":9},"end":{"line":41,"column":56}},"type":"cond-expr","locations":[{"start":{"line":41,"column":19},"end":{"line":41,"column":24}},{"start":{"line":41,"column":27},"end":{"line":41,"column":56}}],"line":41}},"s":{"0":2,"1":2,"2":2,"3":2,"4":2,"5":0,"6":0,"7":0,"8":0,"9":0,"10":0,"11":0,"12":0,"13":0,"14":0,"15":0,"16":0,"17":0,"18":0,"19":0,"20":0,"21":0,"22":0,"23":2,"24":1},"f":{"0":0,"1":0,"2":1},"b":{"0":[0,0],"1":[0,0],"2":[0,0],"3":[0,0],"4":[0,0],"5":[0,0]},"_coverageSchema":"1a1c01bbd47fc00a2c39e90264f33305004495a9","hash":"c55475ba25f6567300c9d59a11d7ab9eb667d91b"}
,"/Users/aliona/Desktop/workspace/Fun/CatBytes/webplatform-backend/oauth.js": {"path":"/Users/aliona/Desktop/workspace/Fun/CatBytes/webplatform-backend/oauth.js","statementMap":{"0":{"start":{"line":1,"column":24},"end":{"line":1,"column":51}},"1":{"start":{"line":2,"column":15},"end":{"line":2,"column":32}},"2":{"start":{"line":4,"column":20},"end":{"line":8,"column":1}},"3":{"start":{"line":11,"column":65},"end":{"line":11,"column":69}},"4":{"start":{"line":13,"column":2},"end":{"line":22,"column":3}},"5":{"start":{"line":14,"column":4},"end":{"line":14,"column":52}},"6":{"start":{"line":15,"column":4},"end":{"line":15,"column":60}},"7":{"start":{"line":16,"column":4},"end":{"line":16,"column":58}},"8":{"start":{"line":18,"column":19},"end":{"line":18,"column":118}},"9":{"start":{"line":19,"column":4},"end":{"line":19,"column":67}},"10":{"start":{"line":20,"column":4},"end":{"line":20,"column":75}},"11":{"start":{"line":21,"column":4},"end":{"line":21,"column":71}},"12":{"start":{"line":24,"column":2},"end":{"line":24,"column":48}},"13":{"start":{"line":25,"column":2},"end":{"line":25,"column":56}},"14":{"start":{"line":26,"column":2},"end":{"line":26,"column":54}},"15":{"start":{"line":29,"column":0},"end":{"line":29,"column":44}}},"fnMap":{"0":{"name":"initOAuth","decl":{"start":{"line":10,"column":15},"end":{"line":10,"column":24}},"loc":{"start":{"line":10,"column":27},"end":{"line":27,"column":1}},"line":10}},"branchMap":{"0":{"loc":{"start":{"line":13,"column":2},"end":{"line":22,"column":3}},"type":"if","locations":[{"start":{"line":13,"column":2},"end":{"line":22,"column":3}},{"start":{"line":17,"column":9},"end":{"line":22,"column":3}}],"line":13}},"s":{"0":1,"1":1,"2":1,"3":0,"4":0,"5":0,"6":0,"7":0,"8":0,"9":0,"10":0,"11":0,"12":0,"13":0,"14":0,"15":1},"f":{"0":0},"b":{"0":[0,0]},"_coverageSchema":"1a1c01bbd47fc00a2c39e90264f33305004495a9","hash":"d2714503c006b7000f45bb5cbe5f143c122f8750"}
,"/Users/aliona/Desktop/workspace/Fun/CatBytes/webplatform-backend/utils.js": {"path":"/Users/aliona/Desktop/workspace/Fun/CatBytes/webplatform-backend/utils.js","statementMap":{"0":{"start":{"line":1,"column":13},"end":{"line":1,"column":55}},"1":{"start":{"line":2,"column":24},"end":{"line":2,"column":51}},"2":{"start":{"line":3,"column":15},"end":{"line":3,"column":32}},"3":{"start":{"line":4,"column":15},"end":{"line":4,"column":46}},"4":{"start":{"line":6,"column":17},"end":{"line":6,"column":21}},"5":{"start":{"line":8,"column":19},"end":{"line":11,"column":1}},"6":{"start":{"line":14,"column":23},"end":{"line":14,"column":27}},"7":{"start":{"line":15,"column":2},"end":{"line":29,"column":3}},"8":{"start":{"line":16,"column":4},"end":{"line":24,"column":5}},"9":{"start":{"line":17,"column":6},"end":{"line":17,"column":59}},"10":{"start":{"line":20,"column":24},"end":{"line":20,"column":34}},"11":{"start":{"line":21,"column":26},"end":{"line":21,"column":127}},"12":{"start":{"line":22,"column":23},"end":{"line":22,"column":58}},"13":{"start":{"line":23,"column":6},"end":{"line":23,"column":44}},"14":{"start":{"line":27,"column":4},"end":{"line":27,"column":55}},"15":{"start":{"line":28,"column":4},"end":{"line":28,"column":58}},"16":{"start":{"line":30,"column":2},"end":{"line":30,"column":24}},"17":{"start":{"line":34,"column":2},"end":{"line":49,"column":3}},"18":{"start":{"line":35,"column":4},"end":{"line":45,"column":5}},"19":{"start":{"line":36,"column":20},"end":{"line":36,"column":44}},"20":{"start":{"line":37,"column":6},"end":{"line":43,"column":13}},"21":{"start":{"line":38,"column":8},"end":{"line":38,"column":38}},"22":{"start":{"line":39,"column":8},"end":{"line":41,"column":9}},"23":{"start":{"line":40,"column":10},"end":{"line":40,"column":99}},"24":{"start":{"line":42,"column":8},"end":{"line":42,"column":19}},"25":{"start":{"line":44,"column":6},"end":{"line":44,"column":59}},"26":{"start":{"line":47,"column":4},"end":{"line":47,"column":45}},"27":{"start":{"line":48,"column":4},"end":{"line":48,"column":50}},"28":{"start":{"line":53,"column":2},"end":{"line":55,"column":3}},"29":{"start":{"line":54,"column":4},"end":{"line":54,"column":44}},"30":{"start":{"line":56,"column":2},"end":{"line":56,"column":30}},"31":{"start":{"line":60,"column":2},"end":{"line":60,"column":50}},"32":{"start":{"line":63,"column":22},"end":{"line":67,"column":1}},"33":{"start":{"line":69,"column":0},"end":{"line":69,"column":121}}},"fnMap":{"0":{"name":"getFirebaseSdkServiceAccount","decl":{"start":{"line":13,"column":15},"end":{"line":13,"column":43}},"loc":{"start":{"line":13,"column":46},"end":{"line":31,"column":1}},"line":13},"1":{"name":"loadRolesIntoMemory","decl":{"start":{"line":33,"column":15},"end":{"line":33,"column":34}},"loc":{"start":{"line":33,"column":37},"end":{"line":50,"column":1}},"line":33},"2":{"name":"(anonymous_2)","decl":{"start":{"line":37,"column":32},"end":{"line":37,"column":33}},"loc":{"start":{"line":37,"column":47},"end":{"line":43,"column":7}},"line":37},"3":{"name":"getRole","decl":{"start":{"line":52,"column":9},"end":{"line":52,"column":16}},"loc":{"start":{"line":52,"column":27},"end":{"line":57,"column":1}},"line":52},"4":{"name":"isRoleExists","decl":{"start":{"line":59,"column":9},"end":{"line":59,"column":21}},"loc":{"start":{"line":59,"column":28},"end":{"line":61,"column":1}},"line":59}},"branchMap":{"0":{"loc":{"start":{"line":16,"column":4},"end":{"line":24,"column":5}},"type":"if","locations":[{"start":{"line":16,"column":4},"end":{"line":24,"column":5}},{"start":{"line":19,"column":9},"end":{"line":24,"column":5}}],"line":16},"1":{"loc":{"start":{"line":35,"column":4},"end":{"line":45,"column":5}},"type":"if","locations":[{"start":{"line":35,"column":4},"end":{"line":45,"column":5}},{"start":{},"end":{}}],"line":35},"2":{"loc":{"start":{"line":39,"column":8},"end":{"line":41,"column":9}},"type":"if","locations":[{"start":{"line":39,"column":8},"end":{"line":41,"column":9}},{"start":{},"end":{}}],"line":39},"3":{"loc":{"start":{"line":53,"column":2},"end":{"line":55,"column":3}},"type":"if","locations":[{"start":{"line":53,"column":2},"end":{"line":55,"column":3}},{"start":{},"end":{}}],"line":53}},"s":{"0":2,"1":2,"2":2,"3":2,"4":2,"5":2,"6":0,"7":0,"8":0,"9":0,"10":0,"11":0,"12":0,"13":0,"14":0,"15":0,"16":0,"17":0,"18":0,"19":0,"20":0,"21":0,"22":0,"23":0,"24":0,"25":0,"26":0,"27":0,"28":0,"29":0,"30":0,"31":0,"32":2,"33":2},"f":{"0":0,"1":0,"2":0,"3":0,"4":0},"b":{"0":[0,0],"1":[0,0],"2":[0,0],"3":[0,0]},"_coverageSchema":"1a1c01bbd47fc00a2c39e90264f33305004495a9","hash":"221d1712c37cbb0dce496b7df09415f1118448b6"}
,"/Users/aliona/Desktop/workspace/Fun/CatBytes/webplatform-backend/aws/ssm-helper.js": {"path":"/Users/aliona/Desktop/workspace/Fun/CatBytes/webplatform-backend/aws/ssm-helper.js","statementMap":{"0":{"start":{"line":1,"column":44},"end":{"line":1,"column":74}},"1":{"start":{"line":2,"column":15},"end":{"line":2,"column":47}},"2":{"start":{"line":5,"column":20},"end":{"line":7,"column":4}},"3":{"start":{"line":9,"column":2},"end":{"line":29,"column":3}},"4":{"start":{"line":10,"column":4},"end":{"line":10,"column":60}},"5":{"start":{"line":11,"column":20},"end":{"line":14,"column":6}},"6":{"start":{"line":16,"column":19},"end":{"line":16,"column":48}},"7":{"start":{"line":18,"column":20},"end":{"line":22,"column":10}},"8":{"start":{"line":19,"column":18},"end":{"line":19,"column":39}},"9":{"start":{"line":20,"column":6},"end":{"line":20,"column":59}},"10":{"start":{"line":21,"column":6},"end":{"line":21,"column":17}},"11":{"start":{"line":24,"column":4},"end":{"line":24,"column":58}},"12":{"start":{"line":25,"column":4},"end":{"line":25,"column":19}},"13":{"start":{"line":27,"column":4},"end":{"line":27,"column":51}},"14":{"start":{"line":28,"column":4},"end":{"line":28,"column":14}},"15":{"start":{"line":33,"column":2},"end":{"line":37,"column":3}},"16":{"start":{"line":34,"column":4},"end":{"line":34,"column":29}},"17":{"start":{"line":36,"column":4},"end":{"line":36,"column":17}},"18":{"start":{"line":40,"column":0},"end":{"line":40,"column":33}}},"fnMap":{"0":{"name":"loadSecrets","decl":{"start":{"line":4,"column":15},"end":{"line":4,"column":26}},"loc":{"start":{"line":4,"column":85},"end":{"line":30,"column":1}},"line":4},"1":{"name":"(anonymous_1)","decl":{"start":{"line":18,"column":45},"end":{"line":18,"column":46}},"loc":{"start":{"line":18,"column":71},"end":{"line":22,"column":5}},"line":18},"2":{"name":"parseJsonValue","decl":{"start":{"line":32,"column":9},"end":{"line":32,"column":23}},"loc":{"start":{"line":32,"column":31},"end":{"line":38,"column":1}},"line":32}},"branchMap":{"0":{"loc":{"start":{"line":4,"column":42},"end":{"line":4,"column":64}},"type":"default-arg","locations":[{"start":{"line":4,"column":59},"end":{"line":4,"column":64}}],"line":4},"1":{"loc":{"start":{"line":4,"column":66},"end":{"line":4,"column":83}},"type":"default-arg","locations":[{"start":{"line":4,"column":78},"end":{"line":4,"column":83}}],"line":4},"2":{"loc":{"start":{"line":20,"column":17},"end":{"line":20,"column":58}},"type":"cond-expr","locations":[{"start":{"line":20,"column":29},"end":{"line":20,"column":50}},{"start":{"line":20,"column":53},"end":{"line":20,"column":58}}],"line":20}},"s":{"0":2,"1":2,"2":0,"3":0,"4":0,"5":0,"6":0,"7":0,"8":0,"9":0,"10":0,"11":0,"12":0,"13":0,"14":0,"15":0,"16":0,"17":0,"18":2},"f":{"0":0,"1":0,"2":0},"b":{"0":[0],"1":[0],"2":[0,0]},"_coverageSchema":"1a1c01bbd47fc00a2c39e90264f33305004495a9","hash":"dd5a2beff850a1c2b15b27a4464938c24bb46ffe"}
,"/Users/aliona/Desktop/workspace/Fun/CatBytes/webplatform-backend/middleware/authentication.js": {"path":"/Users/aliona/Desktop/workspace/Fun/CatBytes/webplatform-backend/middleware/authentication.js","statementMap":{"0":{"start":{"line":1,"column":20},"end":{"line":1,"column":55}},"1":{"start":{"line":2,"column":29},"end":{"line":2,"column":57}},"2":{"start":{"line":3,"column":15},"end":{"line":3,"column":47}},"3":{"start":{"line":6,"column":2},"end":{"line":28,"column":4}},"4":{"start":{"line":7,"column":4},"end":{"line":27,"column":5}},"5":{"start":{"line":8,"column":29},"end":{"line":8,"column":49}},"6":{"start":{"line":9,"column":6},"end":{"line":12,"column":7}},"7":{"start":{"line":10,"column":8},"end":{"line":10,"column":75}},"8":{"start":{"line":11,"column":8},"end":{"line":11,"column":22}},"9":{"start":{"line":14,"column":19},"end":{"line":14,"column":72}},"10":{"start":{"line":15,"column":6},"end":{"line":18,"column":7}},"11":{"start":{"line":16,"column":8},"end":{"line":16,"column":102}},"12":{"start":{"line":17,"column":8},"end":{"line":17,"column":78}},"13":{"start":{"line":20,"column":6},"end":{"line":20,"column":27}},"14":{"start":{"line":21,"column":6},"end":{"line":21,"column":33}},"15":{"start":{"line":23,"column":6},"end":{"line":23,"column":13}},"16":{"start":{"line":25,"column":6},"end":{"line":25,"column":73}},"17":{"start":{"line":26,"column":6},"end":{"line":26,"column":35}},"18":{"start":{"line":31,"column":0},"end":{"line":31,"column":34}}},"fnMap":{"0":{"name":"authenticate","decl":{"start":{"line":5,"column":9},"end":{"line":5,"column":21}},"loc":{"start":{"line":5,"column":24},"end":{"line":29,"column":1}},"line":5},"1":{"name":"(anonymous_1)","decl":{"start":{"line":6,"column":9},"end":{"line":6,"column":10}},"loc":{"start":{"line":6,"column":35},"end":{"line":28,"column":3}},"line":6}},"branchMap":{"0":{"loc":{"start":{"line":9,"column":6},"end":{"line":12,"column":7}},"type":"if","locations":[{"start":{"line":9,"column":6},"end":{"line":12,"column":7}},{"start":{},"end":{}}],"line":9},"1":{"loc":{"start":{"line":15,"column":6},"end":{"line":18,"column":7}},"type":"if","locations":[{"start":{"line":15,"column":6},"end":{"line":18,"column":7}},{"start":{},"end":{}}],"line":15}},"s":{"0":1,"1":1,"2":1,"3":1,"4":1,"5":1,"6":1,"7":1,"8":0,"9":0,"10":0,"11":0,"12":0,"13":0,"14":0,"15":0,"16":1,"17":1,"18":1},"f":{"0":1,"1":1},"b":{"0":[1,0],"1":[0,0]},"_coverageSchema":"1a1c01bbd47fc00a2c39e90264f33305004495a9","hash":"a58617a5d6872fe3545e0b9e4dad0eb27bed516a"}
,"/Users/aliona/Desktop/workspace/Fun/CatBytes/webplatform-backend/middleware/authorization.js": {"path":"/Users/aliona/Desktop/workspace/Fun/CatBytes/webplatform-backend/middleware/authorization.js","statementMap":{"0":{"start":{"line":1,"column":14},"end":{"line":1,"column":33}},"1":{"start":{"line":2,"column":13},"end":{"line":2,"column":64}},"2":{"start":{"line":3,"column":29},"end":{"line":3,"column":57}},"3":{"start":{"line":4,"column":15},"end":{"line":4,"column":47}},"4":{"start":{"line":7,"column":2},"end":{"line":24,"column":4}},"5":{"start":{"line":8,"column":4},"end":{"line":23,"column":5}},"6":{"start":{"line":9,"column":21},"end":{"line":9,"column":31}},"7":{"start":{"line":10,"column":6},"end":{"line":12,"column":7}},"8":{"start":{"line":11,"column":8},"end":{"line":11,"column":68}},"9":{"start":{"line":14,"column":21},"end":{"line":14,"column":44}},"10":{"start":{"line":15,"column":23},"end":{"line":15,"column":60}},"11":{"start":{"line":16,"column":6},"end":{"line":18,"column":7}},"12":{"start":{"line":17,"column":8},"end":{"line":17,"column":88}},"13":{"start":{"line":19,"column":6},"end":{"line":19,"column":13}},"14":{"start":{"line":21,"column":6},"end":{"line":21,"column":48}},"15":{"start":{"line":22,"column":6},"end":{"line":22,"column":35}},"16":{"start":{"line":27,"column":23},"end":{"line":30,"column":1}},"17":{"start":{"line":33,"column":2},"end":{"line":63,"column":4}},"18":{"start":{"line":34,"column":4},"end":{"line":34,"column":55}},"19":{"start":{"line":35,"column":4},"end":{"line":62,"column":5}},"20":{"start":{"line":36,"column":25},"end":{"line":36,"column":38}},"21":{"start":{"line":37,"column":21},"end":{"line":37,"column":31}},"22":{"start":{"line":38,"column":6},"end":{"line":40,"column":7}},"23":{"start":{"line":39,"column":8},"end":{"line":39,"column":68}},"24":{"start":{"line":42,"column":6},"end":{"line":44,"column":7}},"25":{"start":{"line":43,"column":8},"end":{"line":43,"column":108}},"26":{"start":{"line":47,"column":6},"end":{"line":52,"column":7}},"27":{"start":{"line":48,"column":8},"end":{"line":48,"column":63}},"28":{"start":{"line":50,"column":23},"end":{"line":50,"column":82}},"29":{"start":{"line":51,"column":8},"end":{"line":51,"column":54}},"30":{"start":{"line":54,"column":6},"end":{"line":56,"column":7}},"31":{"start":{"line":55,"column":8},"end":{"line":55,"column":86}},"32":{"start":{"line":58,"column":6},"end":{"line":58,"column":13}},"33":{"start":{"line":60,"column":6},"end":{"line":60,"column":53}},"34":{"start":{"line":61,"column":6},"end":{"line":61,"column":35}},"35":{"start":{"line":67,"column":0},"end":{"line":67,"column":65}}},"fnMap":{"0":{"name":"verifyRole","decl":{"start":{"line":6,"column":9},"end":{"line":6,"column":19}},"loc":{"start":{"line":6,"column":30},"end":{"line":25,"column":1}},"line":6},"1":{"name":"(anonymous_1)","decl":{"start":{"line":7,"column":9},"end":{"line":7,"column":10}},"loc":{"start":{"line":7,"column":35},"end":{"line":24,"column":3}},"line":7},"2":{"name":"verifyOwnership","decl":{"start":{"line":32,"column":9},"end":{"line":32,"column":24}},"loc":{"start":{"line":32,"column":38},"end":{"line":64,"column":1}},"line":32},"3":{"name":"(anonymous_3)","decl":{"start":{"line":33,"column":9},"end":{"line":33,"column":10}},"loc":{"start":{"line":33,"column":35},"end":{"line":63,"column":3}},"line":33}},"branchMap":{"0":{"loc":{"start":{"line":10,"column":6},"end":{"line":12,"column":7}},"type":"if","locations":[{"start":{"line":10,"column":6},"end":{"line":12,"column":7}},{"start":{},"end":{}}],"line":10},"1":{"loc":{"start":{"line":16,"column":6},"end":{"line":18,"column":7}},"type":"if","locations":[{"start":{"line":16,"column":6},"end":{"line":18,"column":7}},{"start":{},"end":{}}],"line":16},"2":{"loc":{"start":{"line":38,"column":6},"end":{"line":40,"column":7}},"type":"if","locations":[{"start":{"line":38,"column":6},"end":{"line":40,"column":7}},{"start":{},"end":{}}],"line":38},"3":{"loc":{"start":{"line":42,"column":6},"end":{"line":44,"column":7}},"type":"if","locations":[{"start":{"line":42,"column":6},"end":{"line":44,"column":7}},{"start":{},"end":{}}],"line":42},"4":{"loc":{"start":{"line":42,"column":10},"end":{"line":42,"column":32}},"type":"binary-expr","locations":[{"start":{"line":42,"column":10},"end":{"line":42,"column":21}},{"start":{"line":42,"column":25},"end":{"line":42,"column":32}}],"line":42},"5":{"loc":{"start":{"line":47,"column":6},"end":{"line":52,"column":7}},"type":"if","locations":[{"start":{"line":47,"column":6},"end":{"line":52,"column":7}},{"start":{"line":49,"column":13},"end":{"line":52,"column":7}}],"line":47},"6":{"loc":{"start":{"line":51,"column":19},"end":{"line":51,"column":53}},"type":"binary-expr","locations":[{"start":{"line":51,"column":19},"end":{"line":51,"column":30}},{"start":{"line":51,"column":34},"end":{"line":51,"column":53}}],"line":51},"7":{"loc":{"start":{"line":54,"column":6},"end":{"line":56,"column":7}},"type":"if","locations":[{"start":{"line":54,"column":6},"end":{"line":56,"column":7}},{"start":{},"end":{}}],"line":54}},"s":{"0":1,"1":1,"2":1,"3":1,"4":2,"5":0,"6":0,"7":0,"8":0,"9":0,"10":0,"11":0,"12":0,"13":0,"14":0,"15":0,"16":1,"17":2,"18":0,"19":0,"20":0,"21":0,"22":0,"23":0,"24":0,"25":0,"26":0,"27":0,"28":0,"29":0,"30":0,"31":0,"32":0,"33":0,"34":0,"35":1},"f":{"0":2,"1":0,"2":2,"3":0},"b":{"0":[0,0],"1":[0,0],"2":[0,0],"3":[0,0],"4":[0,0],"5":[0,0],"6":[0,0],"7":[0,0]},"_coverageSchema":"1a1c01bbd47fc00a2c39e90264f33305004495a9","hash":"c2e76812cb4e313c0dd5250f6ce6362258b5877d"}
,"/Users/aliona/Desktop/workspace/Fun/CatBytes/webplatform-backend/repositories/applications_repository.js": {"path":"/Users/aliona/Desktop/workspace/Fun/CatBytes/webplatform-backend/repositories/applications_repository.js","statementMap":{"0":{"start":{"line":1,"column":20},"end":{"line":1,"column":36}},"1":{"start":{"line":3,"column":13},"end":{"line":3,"column":22}},"2":{"start":{"line":6,"column":2},"end":{"line":6,"column":48}},"3":{"start":{"line":10,"column":2},"end":{"line":12,"column":20}},"4":{"start":{"line":16,"column":24},"end":{"line":19,"column":19}},"5":{"start":{"line":20,"column":2},"end":{"line":20,"column":21}},"6":{"start":{"line":24,"column":2},"end":{"line":26,"column":13}},"7":{"start":{"line":29,"column":0},"end":{"line":29,"column":109}}},"fnMap":{"0":{"name":"getAllApplications","decl":{"start":{"line":5,"column":15},"end":{"line":5,"column":33}},"loc":{"start":{"line":5,"column":36},"end":{"line":7,"column":1}},"line":5},"1":{"name":"createNewApplication","decl":{"start":{"line":9,"column":15},"end":{"line":9,"column":35}},"loc":{"start":{"line":9,"column":84},"end":{"line":13,"column":1}},"line":9},"2":{"name":"updateApplicationById","decl":{"start":{"line":15,"column":15},"end":{"line":15,"column":36}},"loc":{"start":{"line":15,"column":82},"end":{"line":21,"column":1}},"line":15},"3":{"name":"getApplicationByFields","decl":{"start":{"line":23,"column":15},"end":{"line":23,"column":37}},"loc":{"start":{"line":23,"column":46},"end":{"line":27,"column":1}},"line":23}},"branchMap":{},"s":{"0":1,"1":1,"2":0,"3":0,"4":0,"5":0,"6":0,"7":1},"f":{"0":0,"1":0,"2":0,"3":0},"b":{},"_coverageSchema":"1a1c01bbd47fc00a2c39e90264f33305004495a9","hash":"e2f5459c12f1e6248f847d4cf039322c3d7aedad"}
,"/Users/aliona/Desktop/workspace/Fun/CatBytes/webplatform-backend/repositories/authorization_repository.js": {"path":"/Users/aliona/Desktop/workspace/Fun/CatBytes/webplatform-backend/repositories/authorization_repository.js","statementMap":{"0":{"start":{"line":1,"column":20},"end":{"line":1,"column":36}},"1":{"start":{"line":4,"column":15},"end":{"line":4,"column":24}},"2":{"start":{"line":5,"column":2},"end":{"line":5,"column":99}},"3":{"start":{"line":9,"column":15},"end":{"line":9,"column":24}},"4":{"start":{"line":10,"column":2},"end":{"line":10,"column":100}},"5":{"start":{"line":13,"column":0},"end":{"line":13,"column":49}}},"fnMap":{"0":{"name":"verifyRole","decl":{"start":{"line":3,"column":15},"end":{"line":3,"column":25}},"loc":{"start":{"line":3,"column":42},"end":{"line":6,"column":1}},"line":3},"1":{"name":"verifyOwnership","decl":{"start":{"line":8,"column":15},"end":{"line":8,"column":30}},"loc":{"start":{"line":8,"column":64},"end":{"line":11,"column":1}},"line":8}},"branchMap":{},"s":{"0":1,"1":0,"2":0,"3":0,"4":0,"5":1},"f":{"0":0,"1":0},"b":{},"_coverageSchema":"1a1c01bbd47fc00a2c39e90264f33305004495a9","hash":"b2303f11089ff50517ce5c5d6d75731c1c7305c4"}
,"/Users/aliona/Desktop/workspace/Fun/CatBytes/webplatform-backend/repositories/roles_repository.js": {"path":"/Users/aliona/Desktop/workspace/Fun/CatBytes/webplatform-backend/repositories/roles_repository.js","statementMap":{"0":{"start":{"line":1,"column":20},"end":{"line":1,"column":36}},"1":{"start":{"line":4,"column":15},"end":{"line":4,"column":24}},"2":{"start":{"line":5,"column":2},"end":{"line":5,"column":41}},"3":{"start":{"line":9,"column":15},"end":{"line":9,"column":24}},"4":{"start":{"line":10,"column":2},"end":{"line":10,"column":72}},"5":{"start":{"line":13,"column":0},"end":{"line":13,"column":51}}},"fnMap":{"0":{"name":"getAllRoles","decl":{"start":{"line":3,"column":15},"end":{"line":3,"column":26}},"loc":{"start":{"line":3,"column":29},"end":{"line":6,"column":1}},"line":3},"1":{"name":"assignRoleToUser","decl":{"start":{"line":8,"column":15},"end":{"line":8,"column":31}},"loc":{"start":{"line":8,"column":48},"end":{"line":11,"column":1}},"line":8}},"branchMap":{},"s":{"0":2,"1":0,"2":0,"3":0,"4":0,"5":2},"f":{"0":0,"1":0},"b":{},"_coverageSchema":"1a1c01bbd47fc00a2c39e90264f33305004495a9","hash":"44b0fa85d8948cc68ca25e6099db30c902e41e50"}
,"/Users/aliona/Desktop/workspace/Fun/CatBytes/webplatform-backend/repositories/user_repository.js": {"path":"/Users/aliona/Desktop/workspace/Fun/CatBytes/webplatform-backend/repositories/user_repository.js","statementMap":{"0":{"start":{"line":1,"column":20},"end":{"line":1,"column":36}},"1":{"start":{"line":4,"column":15},"end":{"line":4,"column":24}},"2":{"start":{"line":5,"column":2},"end":{"line":5,"column":63}},"3":{"start":{"line":9,"column":15},"end":{"line":9,"column":24}},"4":{"start":{"line":10,"column":17},"end":{"line":12,"column":19}},"5":{"start":{"line":13,"column":2},"end":{"line":13,"column":29}},"6":{"start":{"line":14,"column":2},"end":{"line":14,"column":14}},"7":{"start":{"line":18,"column":15},"end":{"line":18,"column":24}},"8":{"start":{"line":19,"column":15},"end":{"line":19,"column":58}},"9":{"start":{"line":20,"column":2},"end":{"line":22,"column":3}},"10":{"start":{"line":21,"column":4},"end":{"line":21,"column":31}},"11":{"start":{"line":23,"column":2},"end":{"line":23,"column":14}},"12":{"start":{"line":27,"column":15},"end":{"line":27,"column":24}},"13":{"start":{"line":28,"column":15},"end":{"line":28,"column":56}},"14":{"start":{"line":29,"column":2},"end":{"line":31,"column":3}},"15":{"start":{"line":30,"column":4},"end":{"line":30,"column":31}},"16":{"start":{"line":32,"column":2},"end":{"line":32,"column":14}},"17":{"start":{"line":36,"column":15},"end":{"line":36,"column":24}},"18":{"start":{"line":37,"column":2},"end":{"line":40,"column":43}},"19":{"start":{"line":44,"column":15},"end":{"line":44,"column":24}},"20":{"start":{"line":45,"column":17},"end":{"line":48,"column":19}},"21":{"start":{"line":49,"column":2},"end":{"line":51,"column":3}},"22":{"start":{"line":50,"column":4},"end":{"line":50,"column":31}},"23":{"start":{"line":52,"column":2},"end":{"line":52,"column":14}},"24":{"start":{"line":56,"column":15},"end":{"line":56,"column":24}},"25":{"start":{"line":57,"column":2},"end":{"line":57,"column":51}},"26":{"start":{"line":60,"column":0},"end":{"line":61,"column":36}}},"fnMap":{"0":{"name":"getAllUsers","decl":{"start":{"line":3,"column":15},"end":{"line":3,"column":26}},"loc":{"start":{"line":3,"column":29},"end":{"line":6,"column":1}},"line":3},"1":{"name":"createNewUser","decl":{"start":{"line":8,"column":15},"end":{"line":8,"column":28}},"loc":{"start":{"line":8,"column":37},"end":{"line":15,"column":1}},"line":8},"2":{"name":"getUserInfoById","decl":{"start":{"line":17,"column":15},"end":{"line":17,"column":30}},"loc":{"start":{"line":17,"column":35},"end":{"line":24,"column":1}},"line":17},"3":{"name":"getUserByFields","decl":{"start":{"line":26,"column":15},"end":{"line":26,"column":30}},"loc":{"start":{"line":26,"column":39},"end":{"line":33,"column":1}},"line":26},"4":{"name":"getUserRolesById","decl":{"start":{"line":35,"column":15},"end":{"line":35,"column":31}},"loc":{"start":{"line":35,"column":36},"end":{"line":41,"column":1}},"line":35},"5":{"name":"updateUserById","decl":{"start":{"line":43,"column":15},"end":{"line":43,"column":29}},"loc":{"start":{"line":43,"column":43},"end":{"line":53,"column":1}},"line":43},"6":{"name":"deleteUserById","decl":{"start":{"line":55,"column":15},"end":{"line":55,"column":29}},"loc":{"start":{"line":55,"column":34},"end":{"line":58,"column":1}},"line":55}},"branchMap":{"0":{"loc":{"start":{"line":20,"column":2},"end":{"line":22,"column":3}},"type":"if","locations":[{"start":{"line":20,"column":2},"end":{"line":22,"column":3}},{"start":{},"end":{}}],"line":20},"1":{"loc":{"start":{"line":29,"column":2},"end":{"line":31,"column":3}},"type":"if","locations":[{"start":{"line":29,"column":2},"end":{"line":31,"column":3}},{"start":{},"end":{}}],"line":29},"2":{"loc":{"start":{"line":49,"column":2},"end":{"line":51,"column":3}},"type":"if","locations":[{"start":{"line":49,"column":2},"end":{"line":51,"column":3}},{"start":{},"end":{}}],"line":49}},"s":{"0":2,"1":0,"2":0,"3":0,"4":0,"5":0,"6":0,"7":0,"8":0,"9":0,"10":0,"11":0,"12":0,"13":0,"14":0,"15":0,"16":0,"17":0,"18":0,"19":0,"20":0,"21":0,"22":0,"23":0,"24":0,"25":0,"26":2},"f":{"0":0,"1":0,"2":0,"3":0,"4":0,"5":0,"6":0},"b":{"0":[0,0],"1":[0,0],"2":[0,0]},"_coverageSchema":"1a1c01bbd47fc00a2c39e90264f33305004495a9","hash":"f01ffb29044108361e68cf3b54cf71786f38931a"}
,"/Users/aliona/Desktop/workspace/Fun/CatBytes/webplatform-backend/routes/users.js": {"path":"/Users/aliona/Desktop/workspace/Fun/CatBytes/webplatform-backend/routes/users.js","statementMap":{"0":{"start":{"line":1,"column":16},"end":{"line":1,"column":34}},"1":{"start":{"line":3,"column":15},"end":{"line":3,"column":31}},"2":{"start":{"line":4,"column":20},"end":{"line":4,"column":55}},"3":{"start":{"line":5,"column":20},"end":{"line":5,"column":55}},"4":{"start":{"line":6,"column":23},"end":{"line":6,"column":42}},"5":{"start":{"line":7,"column":54},"end":{"line":7,"column":92}},"6":{"start":{"line":9,"column":66},"end":{"line":9,"column":86}},"7":{"start":{"line":11,"column":15},"end":{"line":11,"column":47}},"8":{"start":{"line":13,"column":0},"end":{"line":13,"column":27}},"9":{"start":{"line":16,"column":0},"end":{"line":40,"column":3}},"10":{"start":{"line":17,"column":2},"end":{"line":17,"column":40}},"11":{"start":{"line":18,"column":24},"end":{"line":18,"column":59}},"12":{"start":{"line":19,"column":22},"end":{"line":19,"column":55}},"13":{"start":{"line":21,"column":2},"end":{"line":39,"column":3}},"14":{"start":{"line":24,"column":4},"end":{"line":29,"column":81}},"15":{"start":{"line":25,"column":6},"end":{"line":25,"column":65}},"16":{"start":{"line":26,"column":11},"end":{"line":29,"column":81}},"17":{"start":{"line":27,"column":6},"end":{"line":27,"column":62}},"18":{"start":{"line":29,"column":9},"end":{"line":29,"column":81}},"19":{"start":{"line":31,"column":4},"end":{"line":31,"column":95}},"20":{"start":{"line":32,"column":4},"end":{"line":32,"column":41}},"21":{"start":{"line":35,"column":4},"end":{"line":37,"column":5}},"22":{"start":{"line":36,"column":6},"end":{"line":36,"column":64}},"23":{"start":{"line":38,"column":4},"end":{"line":38,"column":63}},"24":{"start":{"line":43,"column":0},"end":{"line":51,"column":3}},"25":{"start":{"line":44,"column":2},"end":{"line":50,"column":3}},"26":{"start":{"line":45,"column":18},"end":{"line":45,"column":49}},"27":{"start":{"line":46,"column":4},"end":{"line":46,"column":24}},"28":{"start":{"line":48,"column":4},"end":{"line":48,"column":22}},"29":{"start":{"line":49,"column":4},"end":{"line":49,"column":26}},"30":{"start":{"line":54,"column":0},"end":{"line":77,"column":3}},"31":{"start":{"line":55,"column":44},"end":{"line":55,"column":52}},"32":{"start":{"line":57,"column":2},"end":{"line":76,"column":3}},"33":{"start":{"line":60,"column":17},"end":{"line":60,"column":85}},"34":{"start":{"line":61,"column":4},"end":{"line":61,"column":42}},"35":{"start":{"line":63,"column":4},"end":{"line":63,"column":22}},"36":{"start":{"line":64,"column":26},"end":{"line":64,"column":80}},"37":{"start":{"line":65,"column":4},"end":{"line":74,"column":5}},"38":{"start":{"line":66,"column":6},"end":{"line":70,"column":8}},"39":{"start":{"line":71,"column":11},"end":{"line":74,"column":5}},"40":{"start":{"line":72,"column":6},"end":{"line":73,"column":56}},"41":{"start":{"line":75,"column":4},"end":{"line":75,"column":26}},"42":{"start":{"line":80,"column":0},"end":{"line":95,"column":3}},"43":{"start":{"line":81,"column":17},"end":{"line":81,"column":27}},"44":{"start":{"line":82,"column":2},"end":{"line":84,"column":3}},"45":{"start":{"line":83,"column":4},"end":{"line":83,"column":66}},"46":{"start":{"line":85,"column":2},"end":{"line":94,"column":3}},"47":{"start":{"line":86,"column":21},"end":{"line":86,"column":54}},"48":{"start":{"line":87,"column":4},"end":{"line":89,"column":5}},"49":{"start":{"line":88,"column":6},"end":{"line":88,"column":58}},"50":{"start":{"line":90,"column":4},"end":{"line":90,"column":23}},"51":{"start":{"line":92,"column":4},"end":{"line":92,"column":22}},"52":{"start":{"line":93,"column":4},"end":{"line":93,"column":26}},"53":{"start":{"line":98,"column":0},"end":{"line":114,"column":3}},"54":{"start":{"line":99,"column":17},"end":{"line":99,"column":27}},"55":{"start":{"line":100,"column":37},"end":{"line":100,"column":45}},"56":{"start":{"line":101,"column":2},"end":{"line":103,"column":3}},"57":{"start":{"line":102,"column":4},"end":{"line":102,"column":66}},"58":{"start":{"line":104,"column":2},"end":{"line":113,"column":3}},"59":{"start":{"line":105,"column":24},"end":{"line":105,"column":112}},"60":{"start":{"line":106,"column":4},"end":{"line":108,"column":5}},"61":{"start":{"line":107,"column":6},"end":{"line":107,"column":58}},"62":{"start":{"line":109,"column":4},"end":{"line":109,"column":38}},"63":{"start":{"line":111,"column":4},"end":{"line":111,"column":22}},"64":{"start":{"line":112,"column":4},"end":{"line":112,"column":26}},"65":{"start":{"line":117,"column":0},"end":{"line":132,"column":3}},"66":{"start":{"line":118,"column":17},"end":{"line":118,"column":27}},"67":{"start":{"line":119,"column":2},"end":{"line":121,"column":3}},"68":{"start":{"line":120,"column":4},"end":{"line":120,"column":66}},"69":{"start":{"line":122,"column":2},"end":{"line":131,"column":3}},"70":{"start":{"line":123,"column":19},"end":{"line":123,"column":55}},"71":{"start":{"line":124,"column":4},"end":{"line":126,"column":5}},"72":{"start":{"line":125,"column":6},"end":{"line":125,"column":59}},"73":{"start":{"line":127,"column":4},"end":{"line":127,"column":42}},"74":{"start":{"line":129,"column":4},"end":{"line":129,"column":22}},"75":{"start":{"line":130,"column":4},"end":{"line":130,"column":26}},"76":{"start":{"line":134,"column":0},"end":{"line":134,"column":24}}},"fnMap":{"0":{"name":"(anonymous_0)","decl":{"start":{"line":16,"column":28},"end":{"line":16,"column":29}},"loc":{"start":{"line":16,"column":48},"end":{"line":40,"column":1}},"line":16},"1":{"name":"(anonymous_1)","decl":{"start":{"line":43,"column":52},"end":{"line":43,"column":53}},"loc":{"start":{"line":43,"column":72},"end":{"line":51,"column":1}},"line":43},"2":{"name":"(anonymous_2)","decl":{"start":{"line":54,"column":22},"end":{"line":54,"column":23}},"loc":{"start":{"line":54,"column":42},"end":{"line":77,"column":1}},"line":54},"3":{"name":"(anonymous_3)","decl":{"start":{"line":80,"column":56},"end":{"line":80,"column":57}},"loc":{"start":{"line":80,"column":76},"end":{"line":95,"column":1}},"line":80},"4":{"name":"(anonymous_4)","decl":{"start":{"line":98,"column":63},"end":{"line":98,"column":64}},"loc":{"start":{"line":98,"column":83},"end":{"line":114,"column":1}},"line":98},"5":{"name":"(anonymous_5)","decl":{"start":{"line":117,"column":66},"end":{"line":117,"column":67}},"loc":{"start":{"line":117,"column":86},"end":{"line":132,"column":1}},"line":117}},"branchMap":{"0":{"loc":{"start":{"line":18,"column":24},"end":{"line":18,"column":59}},"type":"binary-expr","locations":[{"start":{"line":18,"column":24},"end":{"line":18,"column":51}},{"start":{"line":18,"column":55},"end":{"line":18,"column":59}}],"line":18},"1":{"loc":{"start":{"line":19,"column":22},"end":{"line":19,"column":55}},"type":"binary-expr","locations":[{"start":{"line":19,"column":22},"end":{"line":19,"column":47}},{"start":{"line":19,"column":51},"end":{"line":19,"column":55}}],"line":19},"2":{"loc":{"start":{"line":24,"column":4},"end":{"line":29,"column":81}},"type":"if","locations":[{"start":{"line":24,"column":4},"end":{"line":29,"column":81}},{"start":{"line":26,"column":11},"end":{"line":29,"column":81}}],"line":24},"3":{"loc":{"start":{"line":26,"column":11},"end":{"line":29,"column":81}},"type":"if","locations":[{"start":{"line":26,"column":11},"end":{"line":29,"column":81}},{"start":{"line":29,"column":9},"end":{"line":29,"column":81}}],"line":26},"4":{"loc":{"start":{"line":35,"column":4},"end":{"line":37,"column":5}},"type":"if","locations":[{"start":{"line":35,"column":4},"end":{"line":37,"column":5}},{"start":{},"end":{}}],"line":35},"5":{"loc":{"start":{"line":65,"column":4},"end":{"line":74,"column":5}},"type":"if","locations":[{"start":{"line":65,"column":4},"end":{"line":74,"column":5}},{"start":{"line":71,"column":11},"end":{"line":74,"column":5}}],"line":65},"6":{"loc":{"start":{"line":71,"column":11},"end":{"line":74,"column":5}},"type":"if","locations":[{"start":{"line":71,"column":11},"end":{"line":74,"column":5}},{"start":{},"end":{}}],"line":71},"7":{"loc":{"start":{"line":82,"column":2},"end":{"line":84,"column":3}},"type":"if","locations":[{"start":{"line":82,"column":2},"end":{"line":84,"column":3}},{"start":{},"end":{}}],"line":82},"8":{"loc":{"start":{"line":87,"column":4},"end":{"line":89,"column":5}},"type":"if","locations":[{"start":{"line":87,"column":4},"end":{"line":89,"column":5}},{"start":{},"end":{}}],"line":87},"9":{"loc":{"start":{"line":101,"column":2},"end":{"line":103,"column":3}},"type":"if","locations":[{"start":{"line":101,"column":2},"end":{"line":103,"column":3}},{"start":{},"end":{}}],"line":101},"10":{"loc":{"start":{"line":106,"column":4},"end":{"line":108,"column":5}},"type":"if","locations":[{"start":{"line":106,"column":4},"end":{"line":108,"column":5}},{"start":{},"end":{}}],"line":106},"11":{"loc":{"start":{"line":119,"column":2},"end":{"line":121,"column":3}},"type":"if","locations":[{"start":{"line":119,"column":2},"end":{"line":121,"column":3}},{"start":{},"end":{}}],"line":119},"12":{"loc":{"start":{"line":124,"column":4},"end":{"line":126,"column":5}},"type":"if","locations":[{"start":{"line":124,"column":4},"end":{"line":126,"column":5}},{"start":{},"end":{}}],"line":124}},"s":{"0":1,"1":1,"2":1,"3":1,"4":1,"5":1,"6":1,"7":1,"8":1,"9":1,"10":0,"11":0,"12":0,"13":0,"14":0,"15":0,"16":0,"17":0,"18":0,"19":0,"20":0,"21":0,"22":0,"23":0,"24":1,"25":0,"26":0,"27":0,"28":0,"29":0,"30":1,"31":0,"32":0,"33":0,"34":0,"35":0,"36":0,"37":0,"38":0,"39":0,"40":0,"41":0,"42":1,"43":0,"44":0,"45":0,"46":0,"47":0,"48":0,"49":0,"50":0,"51":0,"52":0,"53":1,"54":0,"55":0,"56":0,"57":0,"58":0,"59":0,"60":0,"61":0,"62":0,"63":0,"64":0,"65":1,"66":0,"67":0,"68":0,"69":0,"70":0,"71":0,"72":0,"73":0,"74":0,"75":0,"76":1},"f":{"0":0,"1":0,"2":0,"3":0,"4":0,"5":0},"b":{"0":[0,0],"1":[0,0],"2":[0,0],"3":[0,0],"4":[0,0],"5":[0,0],"6":[0,0],"7":[0,0],"8":[0,0],"9":[0,0],"10":[0,0],"11":[0,0],"12":[0,0]},"_coverageSchema":"1a1c01bbd47fc00a2c39e90264f33305004495a9","hash":"d575c6d75ca35ae6d0aeb047a5c799340f2c0fd9"}
,"/Users/aliona/Desktop/workspace/Fun/CatBytes/webplatform-backend/services/applications_service.js": {"path":"/Users/aliona/Desktop/workspace/Fun/CatBytes/webplatform-backend/services/applications_service.js","statementMap":{"0":{"start":{"line":1,"column":13},"end":{"line":1,"column":63}},"1":{"start":{"line":4,"column":2},"end":{"line":4,"column":41}},"2":{"start":{"line":8,"column":2},"end":{"line":8,"column":89}},"3":{"start":{"line":12,"column":2},"end":{"line":12,"column":87}},"4":{"start":{"line":16,"column":2},"end":{"line":16,"column":59}},"5":{"start":{"line":20,"column":2},"end":{"line":20,"column":53}},"6":{"start":{"line":23,"column":0},"end":{"line":23,"column":130}}},"fnMap":{"0":{"name":"getAllApplications","decl":{"start":{"line":3,"column":15},"end":{"line":3,"column":33}},"loc":{"start":{"line":3,"column":36},"end":{"line":5,"column":1}},"line":3},"1":{"name":"createNewApplication","decl":{"start":{"line":7,"column":15},"end":{"line":7,"column":35}},"loc":{"start":{"line":7,"column":84},"end":{"line":9,"column":1}},"line":7},"2":{"name":"updateApplicationStatus","decl":{"start":{"line":11,"column":15},"end":{"line":11,"column":38}},"loc":{"start":{"line":11,"column":84},"end":{"line":13,"column":1}},"line":11},"3":{"name":"getApplicationByEmail","decl":{"start":{"line":15,"column":15},"end":{"line":15,"column":36}},"loc":{"start":{"line":15,"column":44},"end":{"line":17,"column":1}},"line":15},"4":{"name":"getApplicationById","decl":{"start":{"line":19,"column":15},"end":{"line":19,"column":33}},"loc":{"start":{"line":19,"column":38},"end":{"line":21,"column":1}},"line":19}},"branchMap":{},"s":{"0":1,"1":0,"2":0,"3":0,"4":0,"5":0,"6":1},"f":{"0":0,"1":0,"2":0,"3":0,"4":0},"b":{},"_coverageSchema":"1a1c01bbd47fc00a2c39e90264f33305004495a9","hash":"d60ce397ae75dfec103613819ef03713325e0118"}
,"/Users/aliona/Desktop/workspace/Fun/CatBytes/webplatform-backend/services/auth_service.js": {"path":"/Users/aliona/Desktop/workspace/Fun/CatBytes/webplatform-backend/services/auth_service.js","statementMap":{"0":{"start":{"line":1,"column":14},"end":{"line":1,"column":39}},"1":{"start":{"line":2,"column":14},"end":{"line":2,"column":30}},"2":{"start":{"line":3,"column":20},"end":{"line":3,"column":42}},"3":{"start":{"line":4,"column":20},"end":{"line":4,"column":55}},"4":{"start":{"line":5,"column":20},"end":{"line":5,"column":63}},"5":{"start":{"line":7,"column":22},"end":{"line":7,"column":45}},"6":{"start":{"line":9,"column":15},"end":{"line":9,"column":47}},"7":{"start":{"line":12,"column":2},"end":{"line":43,"column":3}},"8":{"start":{"line":13,"column":25},"end":{"line":13,"column":72}},"9":{"start":{"line":14,"column":18},"end":{"line":14,"column":36}},"10":{"start":{"line":15,"column":23},"end":{"line":15,"column":39}},"11":{"start":{"line":17,"column":4},"end":{"line":19,"column":5}},"12":{"start":{"line":18,"column":6},"end":{"line":18,"column":59}},"13":{"start":{"line":21,"column":24},"end":{"line":21,"column":70}},"14":{"start":{"line":22,"column":4},"end":{"line":24,"column":5}},"15":{"start":{"line":23,"column":6},"end":{"line":23,"column":86}},"16":{"start":{"line":26,"column":15},"end":{"line":26,"column":54}},"17":{"start":{"line":27,"column":4},"end":{"line":35,"column":5}},"18":{"start":{"line":28,"column":6},"end":{"line":34,"column":8}},"19":{"start":{"line":37,"column":4},"end":{"line":37,"column":75}},"20":{"start":{"line":39,"column":4},"end":{"line":39,"column":16}},"21":{"start":{"line":41,"column":4},"end":{"line":41,"column":81}},"22":{"start":{"line":42,"column":4},"end":{"line":42,"column":51}},"23":{"start":{"line":49,"column":2},"end":{"line":82,"column":3}},"24":{"start":{"line":51,"column":26},"end":{"line":63,"column":8}},"25":{"start":{"line":65,"column":25},"end":{"line":69,"column":6}},"26":{"start":{"line":71,"column":24},"end":{"line":71,"column":41}},"27":{"start":{"line":72,"column":17},"end":{"line":72,"column":68}},"28":{"start":{"line":74,"column":4},"end":{"line":76,"column":5}},"29":{"start":{"line":75,"column":6},"end":{"line":75,"column":55}},"30":{"start":{"line":78,"column":4},"end":{"line":78,"column":20}},"31":{"start":{"line":80,"column":4},"end":{"line":80,"column":78}},"32":{"start":{"line":81,"column":4},"end":{"line":81,"column":51}},"33":{"start":{"line":86,"column":0},"end":{"line":86,"column":58}}},"fnMap":{"0":{"name":"handleFirebaseAuth","decl":{"start":{"line":11,"column":15},"end":{"line":11,"column":33}},"loc":{"start":{"line":11,"column":49},"end":{"line":44,"column":1}},"line":11},"1":{"name":"handleDiscordAuth","decl":{"start":{"line":48,"column":15},"end":{"line":48,"column":32}},"loc":{"start":{"line":48,"column":38},"end":{"line":83,"column":1}},"line":48}},"branchMap":{"0":{"loc":{"start":{"line":17,"column":4},"end":{"line":19,"column":5}},"type":"if","locations":[{"start":{"line":17,"column":4},"end":{"line":19,"column":5}},{"start":{},"end":{}}],"line":17},"1":{"loc":{"start":{"line":22,"column":4},"end":{"line":24,"column":5}},"type":"if","locations":[{"start":{"line":22,"column":4},"end":{"line":24,"column":5}},{"start":{},"end":{}}],"line":22},"2":{"loc":{"start":{"line":22,"column":8},"end":{"line":22,"column":57}},"type":"binary-expr","locations":[{"start":{"line":22,"column":8},"end":{"line":22,"column":20}},{"start":{"line":22,"column":24},"end":{"line":22,"column":57}}],"line":22},"3":{"loc":{"start":{"line":27,"column":4},"end":{"line":35,"column":5}},"type":"if","locations":[{"start":{"line":27,"column":4},"end":{"line":35,"column":5}},{"start":{},"end":{}}],"line":27},"4":{"loc":{"start":{"line":74,"column":4},"end":{"line":76,"column":5}},"type":"if","locations":[{"start":{"line":74,"column":4},"end":{"line":76,"column":5}},{"start":{},"end":{}}],"line":74}},"s":{"0":1,"1":1,"2":1,"3":1,"4":1,"5":1,"6":1,"7":0,"8":0,"9":0,"10":0,"11":0,"12":0,"13":0,"14":0,"15":0,"16":0,"17":0,"18":0,"19":0,"20":0,"21":0,"22":0,"23":0,"24":0,"25":0,"26":0,"27":0,"28":0,"29":0,"30":0,"31":0,"32":0,"33":1},"f":{"0":0,"1":0},"b":{"0":[0,0],"1":[0,0],"2":[0,0],"3":[0,0],"4":[0,0]},"_coverageSchema":"1a1c01bbd47fc00a2c39e90264f33305004495a9","hash":"c9f8ebea05957cd72bdcb4fe9cac1e4952e35c25"}
,"/Users/aliona/Desktop/workspace/Fun/CatBytes/webplatform-backend/services/roles_service.js": {"path":"/Users/aliona/Desktop/workspace/Fun/CatBytes/webplatform-backend/services/roles_service.js","statementMap":{"0":{"start":{"line":1,"column":13},"end":{"line":1,"column":56}},"1":{"start":{"line":2,"column":14},"end":{"line":2,"column":33}},"2":{"start":{"line":5,"column":2},"end":{"line":10,"column":3}},"3":{"start":{"line":6,"column":19},"end":{"line":6,"column":42}},"4":{"start":{"line":7,"column":4},"end":{"line":7,"column":48}},"5":{"start":{"line":9,"column":4},"end":{"line":9,"column":80}},"6":{"start":{"line":14,"column":2},"end":{"line":14,"column":34}},"7":{"start":{"line":17,"column":0},"end":{"line":17,"column":51}}},"fnMap":{"0":{"name":"assignRoleToUser","decl":{"start":{"line":4,"column":15},"end":{"line":4,"column":31}},"loc":{"start":{"line":4,"column":50},"end":{"line":11,"column":1}},"line":4},"1":{"name":"getAllRoles","decl":{"start":{"line":13,"column":15},"end":{"line":13,"column":26}},"loc":{"start":{"line":13,"column":29},"end":{"line":15,"column":1}},"line":13}},"branchMap":{},"s":{"0":2,"1":2,"2":0,"3":0,"4":0,"5":0,"6":0,"7":2},"f":{"0":0,"1":0},"b":{},"_coverageSchema":"1a1c01bbd47fc00a2c39e90264f33305004495a9","hash":"045b74db2a85cdc9d05532e7171e47199ba12e54"}
,"/Users/aliona/Desktop/workspace/Fun/CatBytes/webplatform-backend/services/user_service.js": {"path":"/Users/aliona/Desktop/workspace/Fun/CatBytes/webplatform-backend/services/user_service.js","statementMap":{"0":{"start":{"line":1,"column":13},"end":{"line":1,"column":55}},"1":{"start":{"line":2,"column":21},"end":{"line":2,"column":57}},"2":{"start":{"line":6,"column":2},"end":{"line":6,"column":34}},"3":{"start":{"line":10,"column":13},"end":{"line":11,"column":62}},"4":{"start":{"line":12,"column":2},"end":{"line":12,"column":57}},"5":{"start":{"line":13,"column":2},"end":{"line":13,"column":14}},"6":{"start":{"line":17,"column":19},"end":{"line":17,"column":49}},"7":{"start":{"line":18,"column":2},"end":{"line":21,"column":3}},"8":{"start":{"line":19,"column":18},"end":{"line":19,"column":49}},"9":{"start":{"line":20,"column":4},"end":{"line":20,"column":47}},"10":{"start":{"line":22,"column":2},"end":{"line":22,"column":18}},"11":{"start":{"line":26,"column":2},"end":{"line":26,"column":48}},"12":{"start":{"line":30,"column":2},"end":{"line":30,"column":39}},"13":{"start":{"line":34,"column":2},"end":{"line":34,"column":63}},"14":{"start":{"line":38,"column":2},"end":{"line":38,"column":52}},"15":{"start":{"line":41,"column":0},"end":{"line":42,"column":40}}},"fnMap":{"0":{"name":"getAllUsers","decl":{"start":{"line":4,"column":15},"end":{"line":4,"column":26}},"loc":{"start":{"line":4,"column":29},"end":{"line":7,"column":1}},"line":4},"1":{"name":"createNewMemberUser","decl":{"start":{"line":9,"column":15},"end":{"line":9,"column":34}},"loc":{"start":{"line":9,"column":83},"end":{"line":14,"column":1}},"line":9},"2":{"name":"getUserById","decl":{"start":{"line":16,"column":15},"end":{"line":16,"column":26}},"loc":{"start":{"line":16,"column":31},"end":{"line":23,"column":1}},"line":16},"3":{"name":"updateUserById","decl":{"start":{"line":25,"column":15},"end":{"line":25,"column":29}},"loc":{"start":{"line":25,"column":43},"end":{"line":27,"column":1}},"line":25},"4":{"name":"deleteUserById","decl":{"start":{"line":29,"column":15},"end":{"line":29,"column":29}},"loc":{"start":{"line":29,"column":34},"end":{"line":31,"column":1}},"line":29},"5":{"name":"getUserByFirebaseId","decl":{"start":{"line":33,"column":15},"end":{"line":33,"column":34}},"loc":{"start":{"line":33,"column":47},"end":{"line":35,"column":1}},"line":33},"6":{"name":"getUserByEmail","decl":{"start":{"line":37,"column":15},"end":{"line":37,"column":29}},"loc":{"start":{"line":37,"column":37},"end":{"line":39,"column":1}},"line":37}},"branchMap":{"0":{"loc":{"start":{"line":18,"column":2},"end":{"line":21,"column":3}},"type":"if","locations":[{"start":{"line":18,"column":2},"end":{"line":21,"column":3}},{"start":{},"end":{}}],"line":18},"1":{"loc":{"start":{"line":20,"column":21},"end":{"line":20,"column":46}},"type":"cond-expr","locations":[{"start":{"line":20,"column":36},"end":{"line":20,"column":41}},{"start":{"line":20,"column":44},"end":{"line":20,"column":46}}],"line":20}},"s":{"0":2,"1":2,"2":0,"3":0,"4":0,"5":0,"6":0,"7":0,"8":0,"9":0,"10":0,"11":0,"12":0,"13":0,"14":0,"15":2},"f":{"0":0,"1":0,"2":0,"3":0,"4":0,"5":0,"6":0},"b":{"0":[0,0],"1":[0,0]},"_coverageSchema":"1a1c01bbd47fc00a2c39e90264f33305004495a9","hash":"01f8e055ec5113921e4a49bd541a95106cdada12"}
}
