TN:
SF:app.js
FN:21,(anonymous_0)
FNF:1
FNH:1
FNDA:1,(anonymous_0)
DA:1,1
DA:2,1
DA:3,1
DA:4,1
DA:5,1
DA:6,1
DA:7,1
DA:9,1
DA:11,1
DA:14,1
DA:15,0
DA:18,1
DA:19,1
DA:20,1
DA:22,1
DA:23,1
DA:25,0
DA:32,1
DA:33,1
DA:35,1
LF:20
LH:18
BRDA:14,0,0,0
BRDA:14,0,1,1
BRDA:22,1,0,1
BRDA:22,1,1,0
BRDA:22,2,0,1
BRDA:22,2,1,0
BRF:6
BRH:3
end_of_record
TN:
SF:db.js
FN:10,getDbSettings
FN:45,initDb
FN:62,(anonymous_2)
FNF:3
FNH:1
FNDA:0,getDbSettings
FNDA:0,initDb
FNDA:1,(anonymous_2)
DA:1,2
DA:2,2
DA:3,2
DA:5,2
DA:8,2
DA:11,0
DA:12,0
DA:13,0
DA:14,0
DA:15,0
DA:16,0
DA:17,0
DA:18,0
DA:22,0
DA:23,0
DA:28,0
DA:29,0
DA:30,0
DA:31,0
DA:32,0
DA:35,0
DA:46,0
DA:48,0
DA:62,2
LF:24
LH:6
BRDA:12,0,0,0
BRDA:12,0,1,0
BRDA:12,1,0,0
BRDA:12,1,1,0
BRDA:13,2,0,0
BRDA:13,2,1,0
BRDA:15,3,0,0
BRDA:15,3,1,0
BRDA:18,4,0,0
BRDA:18,4,1,0
BRDA:41,5,0,0
BRDA:41,5,1,0
BRF:12
BRH:0
end_of_record
TN:
SF:oauth.js
FN:10,initOAuth
FNF:1
FNH:0
FNDA:0,initOAuth
DA:1,1
DA:2,1
DA:4,1
DA:11,0
DA:13,0
DA:14,0
DA:15,0
DA:16,0
DA:18,0
DA:19,0
DA:20,0
DA:21,0
DA:24,0
DA:25,0
DA:26,0
DA:29,1
LF:16
LH:4
BRDA:13,0,0,0
BRDA:13,0,1,0
BRF:2
BRH:0
end_of_record
TN:
SF:utils.js
FN:13,getFirebaseSdkServiceAccount
FN:33,loadRolesIntoMemory
FN:37,(anonymous_2)
FN:52,getRole
FN:59,isRoleExists
FNF:5
FNH:0
FNDA:0,getFirebaseSdkServiceAccount
FNDA:0,loadRolesIntoMemory
FNDA:0,(anonymous_2)
FNDA:0,getRole
FNDA:0,isRoleExists
DA:1,2
DA:2,2
DA:3,2
DA:4,2
DA:6,2
DA:8,2
DA:14,0
DA:15,0
DA:16,0
DA:17,0
DA:20,0
DA:21,0
DA:22,0
DA:23,0
DA:27,0
DA:28,0
DA:30,0
DA:34,0
DA:35,0
DA:36,0
DA:37,0
DA:38,0
DA:39,0
DA:40,0
DA:42,0
DA:44,0
DA:47,0
DA:48,0
DA:53,0
DA:54,0
DA:56,0
DA:60,0
DA:63,2
DA:69,2
LF:34
LH:8
BRDA:16,0,0,0
BRDA:16,0,1,0
BRDA:35,1,0,0
BRDA:35,1,1,0
BRDA:39,2,0,0
BRDA:39,2,1,0
BRDA:53,3,0,0
BRDA:53,3,1,0
BRF:8
BRH:0
end_of_record
TN:
SF:aws/ssm-helper.js
FN:4,loadSecrets
FN:18,(anonymous_1)
FN:32,parseJsonValue
FNF:3
FNH:0
FNDA:0,loadSecrets
FNDA:0,(anonymous_1)
FNDA:0,parseJsonValue
DA:1,2
DA:2,2
DA:5,0
DA:9,0
DA:10,0
DA:11,0
DA:16,0
DA:18,0
DA:19,0
DA:20,0
DA:21,0
DA:24,0
DA:25,0
DA:27,0
DA:28,0
DA:33,0
DA:34,0
DA:36,0
DA:40,2
LF:19
LH:3
BRDA:4,0,0,0
BRDA:4,1,0,0
BRDA:20,2,0,0
BRDA:20,2,1,0
BRF:4
BRH:0
end_of_record
TN:
SF:middleware/authentication.js
FN:5,authenticate
FN:6,(anonymous_1)
FNF:2
FNH:2
FNDA:1,authenticate
FNDA:1,(anonymous_1)
DA:1,1
DA:2,1
DA:3,1
DA:6,1
DA:7,1
DA:8,1
DA:9,1
DA:10,1
DA:11,0
DA:14,0
DA:15,0
DA:16,0
DA:17,0
DA:20,0
DA:21,0
DA:23,0
DA:25,1
DA:26,1
DA:31,1
LF:19
LH:11
BRDA:9,0,0,1
BRDA:9,0,1,0
BRDA:15,1,0,0
BRDA:15,1,1,0
BRF:4
BRH:1
end_of_record
TN:
SF:middleware/authorization.js
FN:6,verifyRole
FN:7,(anonymous_1)
FN:32,verifyOwnership
FN:33,(anonymous_3)
FNF:4
FNH:2
FNDA:2,verifyRole
FNDA:0,(anonymous_1)
FNDA:2,verifyOwnership
FNDA:0,(anonymous_3)
DA:1,1
DA:2,1
DA:3,1
DA:4,1
DA:7,2
DA:8,0
DA:9,0
DA:10,0
DA:11,0
DA:14,0
DA:15,0
DA:16,0
DA:17,0
DA:19,0
DA:21,0
DA:22,0
DA:27,1
DA:33,2
DA:34,0
DA:35,0
DA:36,0
DA:37,0
DA:38,0
DA:39,0
DA:42,0
DA:43,0
DA:47,0
DA:48,0
DA:50,0
DA:51,0
DA:54,0
DA:55,0
DA:58,0
DA:60,0
DA:61,0
DA:67,1
LF:36
LH:8
BRDA:10,0,0,0
BRDA:10,0,1,0
BRDA:16,1,0,0
BRDA:16,1,1,0
BRDA:38,2,0,0
BRDA:38,2,1,0
BRDA:42,3,0,0
BRDA:42,3,1,0
BRDA:42,4,0,0
BRDA:42,4,1,0
BRDA:47,5,0,0
BRDA:47,5,1,0
BRDA:51,6,0,0
BRDA:51,6,1,0
BRDA:54,7,0,0
BRDA:54,7,1,0
BRF:16
BRH:0
end_of_record
TN:
SF:repositories/applications_repository.js
FN:5,getAllApplications
FN:9,createNewApplication
FN:15,updateApplicationById
FN:23,getApplicationByFields
FNF:4
FNH:0
FNDA:0,getAllApplications
FNDA:0,createNewApplication
FNDA:0,updateApplicationById
FNDA:0,getApplicationByFields
DA:1,1
DA:3,1
DA:6,0
DA:10,0
DA:16,0
DA:20,0
DA:24,0
DA:29,1
LF:8
LH:3
BRF:0
BRH:0
end_of_record
TN:
SF:repositories/authorization_repository.js
FN:3,verifyRole
FN:8,verifyOwnership
FNF:2
FNH:0
FNDA:0,verifyRole
FNDA:0,verifyOwnership
DA:1,1
DA:4,0
DA:5,0
DA:9,0
DA:10,0
DA:13,1
LF:6
LH:2
BRF:0
BRH:0
end_of_record
TN:
SF:repositories/roles_repository.js
FN:3,getAllRoles
FN:8,assignRoleToUser
FNF:2
FNH:0
FNDA:0,getAllRoles
FNDA:0,assignRoleToUser
DA:1,2
DA:4,0
DA:5,0
DA:9,0
DA:10,0
DA:13,2
LF:6
LH:2
BRF:0
BRH:0
end_of_record
TN:
SF:repositories/user_repository.js
FN:3,getAllUsers
FN:8,createNewUser
FN:17,getUserInfoById
FN:26,getUserByFields
FN:35,getUserRolesById
FN:43,updateUserById
FN:55,deleteUserById
FNF:7
FNH:0
FNDA:0,getAllUsers
FNDA:0,createNewUser
FNDA:0,getUserInfoById
FNDA:0,getUserByFields
FNDA:0,getUserRolesById
FNDA:0,updateUserById
FNDA:0,deleteUserById
DA:1,2
DA:4,0
DA:5,0
DA:9,0
DA:10,0
DA:13,0
DA:14,0
DA:18,0
DA:19,0
DA:20,0
DA:21,0
DA:23,0
DA:27,0
DA:28,0
DA:29,0
DA:30,0
DA:32,0
DA:36,0
DA:37,0
DA:44,0
DA:45,0
DA:49,0
DA:50,0
DA:52,0
DA:56,0
DA:57,0
DA:60,2
LF:27
LH:2
BRDA:20,0,0,0
BRDA:20,0,1,0
BRDA:29,1,0,0
BRDA:29,1,1,0
BRDA:49,2,0,0
BRDA:49,2,1,0
BRF:6
BRH:0
end_of_record
TN:
SF:routes/users.js
FN:16,(anonymous_0)
FN:43,(anonymous_1)
FN:54,(anonymous_2)
FN:80,(anonymous_3)
FN:98,(anonymous_4)
FN:117,(anonymous_5)
FNF:6
FNH:0
FNDA:0,(anonymous_0)
FNDA:0,(anonymous_1)
FNDA:0,(anonymous_2)
FNDA:0,(anonymous_3)
FNDA:0,(anonymous_4)
FNDA:0,(anonymous_5)
DA:1,1
DA:3,1
DA:4,1
DA:5,1
DA:6,1
DA:7,1
DA:9,1
DA:11,1
DA:13,1
DA:16,1
DA:17,0
DA:18,0
DA:19,0
DA:21,0
DA:24,0
DA:25,0
DA:26,0
DA:27,0
DA:29,0
DA:31,0
DA:32,0
DA:35,0
DA:36,0
DA:38,0
DA:43,1
DA:44,0
DA:45,0
DA:46,0
DA:48,0
DA:49,0
DA:54,1
DA:55,0
DA:57,0
DA:60,0
DA:61,0
DA:63,0
DA:64,0
DA:65,0
DA:66,0
DA:71,0
DA:72,0
DA:75,0
DA:80,1
DA:81,0
DA:82,0
DA:83,0
DA:85,0
DA:86,0
DA:87,0
DA:88,0
DA:90,0
DA:92,0
DA:93,0
DA:98,1
DA:99,0
DA:100,0
DA:101,0
DA:102,0
DA:104,0
DA:105,0
DA:106,0
DA:107,0
DA:109,0
DA:111,0
DA:112,0
DA:117,1
DA:118,0
DA:119,0
DA:120,0
DA:122,0
DA:123,0
DA:124,0
DA:125,0
DA:127,0
DA:129,0
DA:130,0
DA:134,1
LF:77
LH:16
BRDA:18,0,0,0
BRDA:18,0,1,0
BRDA:19,1,0,0
BRDA:19,1,1,0
BRDA:24,2,0,0
BRDA:24,2,1,0
BRDA:26,3,0,0
BRDA:26,3,1,0
BRDA:35,4,0,0
BRDA:35,4,1,0
BRDA:65,5,0,0
BRDA:65,5,1,0
BRDA:71,6,0,0
BRDA:71,6,1,0
BRDA:82,7,0,0
BRDA:82,7,1,0
BRDA:87,8,0,0
BRDA:87,8,1,0
BRDA:101,9,0,0
BRDA:101,9,1,0
BRDA:106,10,0,0
BRDA:106,10,1,0
BRDA:119,11,0,0
BRDA:119,11,1,0
BRDA:124,12,0,0
BRDA:124,12,1,0
BRF:26
BRH:0
end_of_record
TN:
SF:services/applications_service.js
FN:3,getAllApplications
FN:7,createNewApplication
FN:11,updateApplicationStatus
FN:15,getApplicationByEmail
FN:19,getApplicationById
FNF:5
FNH:0
FNDA:0,getAllApplications
FNDA:0,createNewApplication
FNDA:0,updateApplicationStatus
FNDA:0,getApplicationByEmail
FNDA:0,getApplicationById
DA:1,1
DA:4,0
DA:8,0
DA:12,0
DA:16,0
DA:20,0
DA:23,1
LF:7
LH:2
BRF:0
BRH:0
end_of_record
TN:
SF:services/auth_service.js
FN:11,handleFirebaseAuth
FN:48,handleDiscordAuth
FNF:2
FNH:0
FNDA:0,handleFirebaseAuth
FNDA:0,handleDiscordAuth
DA:1,1
DA:2,1
DA:3,1
DA:4,1
DA:5,1
DA:7,1
DA:9,1
DA:12,0
DA:13,0
DA:14,0
DA:15,0
DA:17,0
DA:18,0
DA:21,0
DA:22,0
DA:23,0
DA:26,0
DA:27,0
DA:28,0
DA:37,0
DA:39,0
DA:41,0
DA:42,0
DA:49,0
DA:51,0
DA:65,0
DA:71,0
DA:72,0
DA:74,0
DA:75,0
DA:78,0
DA:80,0
DA:81,0
DA:86,1
LF:34
LH:8
BRDA:17,0,0,0
BRDA:17,0,1,0
BRDA:22,1,0,0
BRDA:22,1,1,0
BRDA:22,2,0,0
BRDA:22,2,1,0
BRDA:27,3,0,0
BRDA:27,3,1,0
BRDA:74,4,0,0
BRDA:74,4,1,0
BRF:10
BRH:0
end_of_record
TN:
SF:services/roles_service.js
FN:4,assignRoleToUser
FN:13,getAllRoles
FNF:2
FNH:0
FNDA:0,assignRoleToUser
FNDA:0,getAllRoles
DA:1,2
DA:2,2
DA:5,0
DA:6,0
DA:7,0
DA:9,0
DA:14,0
DA:17,2
LF:8
LH:3
BRF:0
BRH:0
end_of_record
TN:
SF:services/user_service.js
FN:4,getAllUsers
FN:9,createNewMemberUser
FN:16,getUserById
FN:25,updateUserById
FN:29,deleteUserById
FN:33,getUserByFirebaseId
FN:37,getUserByEmail
FNF:7
FNH:0
FNDA:0,getAllUsers
FNDA:0,createNewMemberUser
FNDA:0,getUserById
FNDA:0,updateUserById
FNDA:0,deleteUserById
FNDA:0,getUserByFirebaseId
FNDA:0,getUserByEmail
DA:1,2
DA:2,2
DA:6,0
DA:10,0
DA:12,0
DA:13,0
DA:17,0
DA:18,0
DA:19,0
DA:20,0
DA:22,0
DA:26,0
DA:30,0
DA:34,0
DA:38,0
DA:41,2
LF:16
LH:3
BRDA:18,0,0,0
BRDA:18,0,1,0
BRDA:20,1,0,0
BRDA:20,1,1,0
BRF:4
BRH:0
end_of_record
